Determining if the pthread_create exist failed with the following output:
Change Dir: /home/yuntianli/myCpp_ws/ceres_tutorial/build/CMakeFiles/CMakeTmp

Run Build Command:"/usr/bin/make" "cmTC_f104e/fast"
/usr/bin/make -f CMakeFiles/cmTC_f104e.dir/build.make CMakeFiles/cmTC_f104e.dir/build
make[1]: Entering directory '/home/yuntianli/myCpp_ws/ceres_tutorial/build/CMakeFiles/CMakeTmp'
Building C object CMakeFiles/cmTC_f104e.dir/CheckSymbolExists.c.o
/usr/bin/cc    -o CMakeFiles/cmTC_f104e.dir/CheckSymbolExists.c.o   -c /home/yuntianli/myCpp_ws/ceres_tutorial/build/CMakeFiles/CMakeTmp/CheckSymbolExists.c
Linking C executable cmTC_f104e
/usr/bin/cmake -E cmake_link_script CMakeFiles/cmTC_f104e.dir/link.txt --verbose=1
/usr/bin/cc      -rdynamic CMakeFiles/cmTC_f104e.dir/CheckSymbolExists.c.o  -o cmTC_f104e 
CMakeFiles/cmTC_f104e.dir/CheckSymbolExists.c.o: In function `main':
CheckSymbolExists.c:(.text+0x1b): undefined reference to `pthread_create'
collect2: error: ld returned 1 exit status
CMakeFiles/cmTC_f104e.dir/build.make:97: recipe for target 'cmTC_f104e' failed
make[1]: *** [cmTC_f104e] Error 1
make[1]: Leaving directory '/home/yuntianli/myCpp_ws/ceres_tutorial/build/CMakeFiles/CMakeTmp'
Makefile:126: recipe for target 'cmTC_f104e/fast' failed
make: *** [cmTC_f104e/fast] Error 2

File /home/yuntianli/myCpp_ws/ceres_tutorial/build/CMakeFiles/CMakeTmp/CheckSymbolExists.c:
/* */
#include <pthread.h>

int main(int argc, char** argv)
{
  (void)argv;
#ifndef pthread_create
  return ((int*)(&pthread_create))[argc];
#else
  (void)argc;
  return 0;
#endif
}

Determining if the function pthread_create exists in the pthreads failed with the following output:
Change Dir: /home/yuntianli/myCpp_ws/ceres_tutorial/build/CMakeFiles/CMakeTmp

Run Build Command:"/usr/bin/make" "cmTC_30662/fast"
/usr/bin/make -f CMakeFiles/cmTC_30662.dir/build.make CMakeFiles/cmTC_30662.dir/build
make[1]: Entering directory '/home/yuntianli/myCpp_ws/ceres_tutorial/build/CMakeFiles/CMakeTmp'
Building C object CMakeFiles/cmTC_30662.dir/CheckFunctionExists.c.o
/usr/bin/cc   -DCHECK_FUNCTION_EXISTS=pthread_create   -o CMakeFiles/cmTC_30662.dir/CheckFunctionExists.c.o   -c /usr/share/cmake-3.10/Modules/CheckFunctionExists.c
Linking C executable cmTC_30662
/usr/bin/cmake -E cmake_link_script CMakeFiles/cmTC_30662.dir/link.txt --verbose=1
/usr/bin/cc  -DCHECK_FUNCTION_EXISTS=pthread_create    -rdynamic CMakeFiles/cmTC_30662.dir/CheckFunctionExists.c.o  -o cmTC_30662 -lpthreads 
/usr/bin/ld: cannot find -lpthreads
collect2: error: ld returned 1 exit status
CMakeFiles/cmTC_30662.dir/build.make:97: recipe for target 'cmTC_30662' failed
make[1]: *** [cmTC_30662] Error 1
make[1]: Leaving directory '/home/yuntianli/myCpp_ws/ceres_tutorial/build/CMakeFiles/CMakeTmp'
Makefile:126: recipe for target 'cmTC_30662/fast' failed
make: *** [cmTC_30662/fast] Error 2


